/opt/qt4-headless
/opt/qt4-headless/include
/opt/qt4-headless/lib
/opt/qt4-headless/bin
/opt/qt4-headless
/opt/qt4-headless/plugins
264195
8
Open Source
shared
PyQt_Accessibility
PyQt_Action
PyQt_Animation
PyQt_BearerManagement
PyQt_ButtonGroup
PyQt_COP
PyQt_CalendarWidget
PyQt_Clipboard
PyQt_ColorDialog
PyQt_ColumnView
PyQt_ComboBox
PyQt_Completer
PyQt_Concurrent
PyQt_ContextMenu
PyQt_Cursor
PyQt_DBus
PyQt_DOMClasses
PyQt_DataWidgetMapper
PyQt_DateTimeEdit
PyQt_DesktopServices
PyQt_Dial
PyQt_DirModel
PyQt_DockWidget
PyQt_DragAndDrop
PyQt_ErrorMessage
PyQt_FSCompleter
PyQt_FileDialog
PyQt_FileSystemModel
PyQt_FileSystemWatcher
PyQt_FontComboBox
PyQt_FontDialog
PyQt_Gestures
PyQt_GraphicsEffect
PyQt_GraphicsSVGItem
PyQt_GraphicsView
PyQt_GroupBox
PyQt_IM
PyQt_IdentityProxyModel
PyQt_ImageFormat_BMP
PyQt_ImageFormat_PPM
PyQt_ImageFormat_XBM
PyQt_ImageFormat_XPM
PyQt_Image_Heuristic_Mask
PyQt_InputDialog
PyQt_ItemViews
PyQt_LCDNumber
PyQt_LineEdit
PyQt_ListView
PyQt_ListWidget
PyQt_MDIArea
PyQt_MainWindow
PyQt_Menu
PyQt_MenuBar
PyQt_MessageBox
PyQt_Movie
PyQt_Phonon_EffectWidget
PyQt_Phonon_SeekSlider
PyQt_Phonon_SettingsGroup
PyQt_Phonon_VolumeSlider
PyQt_PrintDialog
PyQt_PrintPreviewDialog
PyQt_PrintPreviewWidget
PyQt_Process
PyQt_ProgressBar
PyQt_ProgressDialog
PyQt_ProxyModel
PyQt_QWS_Cursor
PyQt_QWS_Manager
PyQt_RawFont
PyQt_RubberBand
PyQt_SVGRenderer
PyQt_SVGWidget
PyQt_ScrollArea
PyQt_ScrollBar
PyQt_SessionManager
PyQt_SharedMemory
PyQt_Shortcut
PyQt_SignalMapper
PyQt_SizeGrip
PyQt_Slider
PyQt_SoftKeyManager
PyQt_SortFilterProxyModel
PyQt_Sound
PyQt_SpinBox
PyQt_SplashScreen
PyQt_Splitter
PyQt_StackedWidget
PyQt_StandardItemModel
PyQt_StateMachine
PyQt_StatusBar
PyQt_StatusTip
PyQt_StringListModel
PyQt_Style_StyleSheet
PyQt_SyntaxHighlighter
PyQt_SystemSemaphore
PyQt_SystemTrayIcon
PyQt_TabBar
PyQt_TabWidget
PyQt_TableView
PyQt_TableWidget
PyQt_TabletEvent
PyQt_TextBrowser
PyQt_TextEdit
PyQt_ToolBar
PyQt_ToolBox
PyQt_ToolButton
PyQt_ToolTip
PyQt_Translation
PyQt_TreeView
PyQt_TreeWidget
PyQt_UndoCommand
PyQt_UndoGroup
PyQt_UndoStack
PyQt_UndoView
PyQt_Validator
PyQt_WhatsThis
PyQt_WheelEvent
PyQt_Wizard
PyQt_Workspace
